<?xml version="1.0" encoding="UTF-8"?>
<robot generator="Robot 7.1.1 (Python 3.13.0 on win32)" generated="2024-11-08T15:22:00.132739" rpa="false" schemaversion="5">
<suite id="s1" name="Login Steps" source="C:\Development\study\projeto_robot\test\login_steps.robot">
<test id="s1-t1" name="Successful Login Test" line="13">
<kw name="Open Browser" owner="SeleniumLibrary" type="SETUP">
<msg time="2024-11-08T15:22:00.329038" level="INFO">Opening browser 'chrome' to base url 'None'.</msg>
<arg>browser=${BROWSER}</arg>
<doc>Opens a new browser instance to the optional ``url``.</doc>
<status status="PASS" start="2024-11-08T15:22:00.328872" elapsed="1.455756"/>
</kw>
<kw name="I navigate to the login page" owner="login_keywords">
<kw name="Go To" owner="SeleniumLibrary">
<msg time="2024-11-08T15:22:01.785427" level="INFO">Opening url 'https://www.saucedemo.com/'</msg>
<arg>${URL}</arg>
<doc>Navigates the current browser window to the provided ``url``.</doc>
<status status="PASS" start="2024-11-08T15:22:01.785321" elapsed="0.400642"/>
</kw>
<arg>${URL}</arg>
<status status="PASS" start="2024-11-08T15:22:01.785065" elapsed="0.401046"/>
</kw>
<kw name="I input correct Credentials" owner="login_keywords">
<kw name="Wait Until Element Is Visible" owner="SeleniumLibrary">
<arg>id=user-name</arg>
<doc>Waits until the element ``locator`` is visible.</doc>
<status status="PASS" start="2024-11-08T15:22:02.186879" elapsed="0.014684"/>
</kw>
<kw name="Input Text" owner="SeleniumLibrary">
<msg time="2024-11-08T15:22:02.201935" level="INFO">Typing text 'standard_user' into text field 'id=user-name'.</msg>
<arg>id=user-name</arg>
<arg>${USERNAME}</arg>
<doc>Types the given ``text`` into the text field identified by ``locator``.</doc>
<status status="PASS" start="2024-11-08T15:22:02.201711" elapsed="0.069164"/>
</kw>
<kw name="Input Text" owner="SeleniumLibrary">
<msg time="2024-11-08T15:22:02.271238" level="INFO">Typing text 'secret_sauce' into text field 'id=password'.</msg>
<arg>id=password</arg>
<arg>${PASSWORD}</arg>
<doc>Types the given ``text`` into the text field identified by ``locator``.</doc>
<status status="PASS" start="2024-11-08T15:22:02.271054" elapsed="0.051874"/>
</kw>
<arg>${USERNAME}</arg>
<arg>${PASSWORD}</arg>
<status status="PASS" start="2024-11-08T15:22:02.186562" elapsed="0.136472"/>
</kw>
<kw name="I click on the login button" owner="login_keywords">
<kw name="Click Button" owner="SeleniumLibrary">
<msg time="2024-11-08T15:22:02.323656" level="INFO">Clicking button 'id=login-button'.</msg>
<arg>id=login-button</arg>
<doc>Clicks the button identified by ``locator``.</doc>
<status status="PASS" start="2024-11-08T15:22:02.323532" elapsed="0.058483"/>
</kw>
<status status="PASS" start="2024-11-08T15:22:02.323345" elapsed="0.058778"/>
</kw>
<kw name="I assure that login is successful" owner="login_keywords">
<kw name="Location Should Be" owner="SeleniumLibrary">
<msg time="2024-11-08T15:22:02.386013" level="INFO">Current location is 'https://www.saucedemo.com/inventory.html'.</msg>
<arg>${LOGINPAGE}</arg>
<doc>Verifies that the current URL is exactly ``url``.</doc>
<status status="PASS" start="2024-11-08T15:22:02.382788" elapsed="0.003279"/>
</kw>
<arg>${LOGINPAGE}</arg>
<status status="PASS" start="2024-11-08T15:22:02.382487" elapsed="0.003639"/>
</kw>
<status status="PASS" start="2024-11-08T15:22:00.328211" elapsed="2.058102"/>
</test>
<test id="s1-t2" name="Fail Login Test - No Credentials" line="19">
<kw name="Open Browser" owner="SeleniumLibrary" type="SETUP">
<msg time="2024-11-08T15:22:02.387067" level="INFO">Opening browser 'chrome' to base url 'None'.</msg>
<arg>browser=${BROWSER}</arg>
<doc>Opens a new browser instance to the optional ``url``.</doc>
<status status="PASS" start="2024-11-08T15:22:02.386925" elapsed="1.456756"/>
</kw>
<kw name="I navigate to the login page" owner="login_keywords">
<kw name="Go To" owner="SeleniumLibrary">
<msg time="2024-11-08T15:22:03.844367" level="INFO">Opening url 'https://www.saucedemo.com/'</msg>
<arg>${URL}</arg>
<doc>Navigates the current browser window to the provided ``url``.</doc>
<status status="PASS" start="2024-11-08T15:22:03.844277" elapsed="0.391308"/>
</kw>
<arg>${URL}</arg>
<status status="PASS" start="2024-11-08T15:22:03.844052" elapsed="0.391652"/>
</kw>
<kw name="I input no Credentials" owner="login_keywords">
<kw name="Wait Until Element Is Visible" owner="SeleniumLibrary">
<arg>id=user-name</arg>
<doc>Waits until the element ``locator`` is visible.</doc>
<status status="PASS" start="2024-11-08T15:22:04.236465" elapsed="0.013824"/>
</kw>
<status status="PASS" start="2024-11-08T15:22:04.236162" elapsed="0.014217"/>
</kw>
<kw name="I click on the login button" owner="login_keywords">
<kw name="Click Button" owner="SeleniumLibrary">
<msg time="2024-11-08T15:22:04.251271" level="INFO">Clicking button 'id=login-button'.</msg>
<arg>id=login-button</arg>
<doc>Clicks the button identified by ``locator``.</doc>
<status status="PASS" start="2024-11-08T15:22:04.251048" elapsed="0.045749"/>
</kw>
<status status="PASS" start="2024-11-08T15:22:04.250700" elapsed="0.046198"/>
</kw>
<kw name="I can see the expected error message" owner="login_keywords">
<kw name="Wait Until Element Contains" owner="SeleniumLibrary">
<arg>class=error-message-container</arg>
<arg>${ERROR_MESSAGE}</arg>
<doc>Waits until the element ``locator`` contains ``text``.</doc>
<status status="PASS" start="2024-11-08T15:22:04.297422" elapsed="0.016402"/>
</kw>
<arg>Epic sadface: Username is required</arg>
<status status="PASS" start="2024-11-08T15:22:04.297217" elapsed="0.016736"/>
</kw>
<status status="PASS" start="2024-11-08T15:22:02.386667" elapsed="1.927559"/>
</test>
<test id="s1-t3" name="Fail Login Test - No username" line="25">
<kw name="Open Browser" owner="SeleniumLibrary" type="SETUP">
<msg time="2024-11-08T15:22:04.315403" level="INFO">Opening browser 'chrome' to base url 'None'.</msg>
<arg>browser=${BROWSER}</arg>
<doc>Opens a new browser instance to the optional ``url``.</doc>
<status status="PASS" start="2024-11-08T15:22:04.315226" elapsed="1.449979"/>
</kw>
<kw name="I navigate to the login page" owner="login_keywords">
<kw name="Go To" owner="SeleniumLibrary">
<msg time="2024-11-08T15:22:05.765897" level="INFO">Opening url 'https://www.saucedemo.com/'</msg>
<arg>${URL}</arg>
<doc>Navigates the current browser window to the provided ``url``.</doc>
<status status="PASS" start="2024-11-08T15:22:05.765801" elapsed="0.377901"/>
</kw>
<arg>${URL}</arg>
<status status="PASS" start="2024-11-08T15:22:05.765553" elapsed="0.378255"/>
</kw>
<kw name="I input only Password" owner="login_keywords">
<kw name="Wait Until Element Is Visible" owner="SeleniumLibrary">
<arg>id=user-name</arg>
<doc>Waits until the element ``locator`` is visible.</doc>
<status status="PASS" start="2024-11-08T15:22:06.144386" elapsed="0.014488"/>
</kw>
<kw name="Input Text" owner="SeleniumLibrary">
<msg time="2024-11-08T15:22:06.159369" level="INFO">Typing text 'secret_sauce' into text field 'id=password'.</msg>
<arg>id=password</arg>
<arg>${PASSWORD}</arg>
<doc>Types the given ``text`` into the text field identified by ``locator``.</doc>
<status status="PASS" start="2024-11-08T15:22:06.159086" elapsed="0.070632"/>
</kw>
<arg>${PASSWORD}</arg>
<status status="PASS" start="2024-11-08T15:22:06.144164" elapsed="0.085681"/>
</kw>
<kw name="I click on the login button" owner="login_keywords">
<kw name="Click Button" owner="SeleniumLibrary">
<msg time="2024-11-08T15:22:06.230553" level="INFO">Clicking button 'id=login-button'.</msg>
<arg>id=login-button</arg>
<doc>Clicks the button identified by ``locator``.</doc>
<status status="PASS" start="2024-11-08T15:22:06.230426" elapsed="0.040856"/>
</kw>
<status status="PASS" start="2024-11-08T15:22:06.230219" elapsed="0.041162"/>
</kw>
<kw name="I can see the expected error message" owner="login_keywords">
<kw name="Wait Until Element Contains" owner="SeleniumLibrary">
<arg>class=error-message-container</arg>
<arg>${ERROR_MESSAGE}</arg>
<doc>Waits until the element ``locator`` contains ``text``.</doc>
<status status="PASS" start="2024-11-08T15:22:06.272067" elapsed="0.016939"/>
</kw>
<arg>Epic sadface: Username is required</arg>
<status status="PASS" start="2024-11-08T15:22:06.271738" elapsed="0.017519"/>
</kw>
<status status="PASS" start="2024-11-08T15:22:04.314776" elapsed="1.974755"/>
</test>
<test id="s1-t4" name="Fail Login Test - No password" line="31">
<kw name="Open Browser" owner="SeleniumLibrary" type="SETUP">
<msg time="2024-11-08T15:22:06.290903" level="INFO">Opening browser 'chrome' to base url 'None'.</msg>
<arg>browser=${BROWSER}</arg>
<doc>Opens a new browser instance to the optional ``url``.</doc>
<status status="PASS" start="2024-11-08T15:22:06.290665" elapsed="1.456534"/>
</kw>
<kw name="I navigate to the login page" owner="login_keywords">
<kw name="Go To" owner="SeleniumLibrary">
<msg time="2024-11-08T15:22:07.747890" level="INFO">Opening url 'https://www.saucedemo.com/'</msg>
<arg>${URL}</arg>
<doc>Navigates the current browser window to the provided ``url``.</doc>
<status status="PASS" start="2024-11-08T15:22:07.747787" elapsed="0.385830"/>
</kw>
<arg>${URL}</arg>
<status status="PASS" start="2024-11-08T15:22:07.747547" elapsed="0.386175"/>
</kw>
<kw name="I input only Username" owner="login_keywords">
<kw name="Wait Until Element Is Visible" owner="SeleniumLibrary">
<arg>id=user-name</arg>
<doc>Waits until the element ``locator`` is visible.</doc>
<status status="PASS" start="2024-11-08T15:22:08.134312" elapsed="0.014265"/>
</kw>
<kw name="Input Text" owner="SeleniumLibrary">
<msg time="2024-11-08T15:22:08.148907" level="INFO">Typing text 'standard_user' into text field 'id=user-name'.</msg>
<arg>id=user-name</arg>
<arg>${USERNAME}</arg>
<doc>Types the given ``text`` into the text field identified by ``locator``.</doc>
<status status="PASS" start="2024-11-08T15:22:08.148730" elapsed="0.069235"/>
</kw>
<arg>${USERNAME}</arg>
<status status="PASS" start="2024-11-08T15:22:08.134065" elapsed="0.084000"/>
</kw>
<kw name="I click on the login button" owner="login_keywords">
<kw name="Click Button" owner="SeleniumLibrary">
<msg time="2024-11-08T15:22:08.218748" level="INFO">Clicking button 'id=login-button'.</msg>
<arg>id=login-button</arg>
<doc>Clicks the button identified by ``locator``.</doc>
<status status="PASS" start="2024-11-08T15:22:08.218623" elapsed="0.040566"/>
</kw>
<status status="PASS" start="2024-11-08T15:22:08.218431" elapsed="0.040858"/>
</kw>
<kw name="I can see the expected error message" owner="login_keywords">
<kw name="Wait Until Element Contains" owner="SeleniumLibrary">
<arg>class=error-message-container</arg>
<arg>${ERROR_MESSAGE}</arg>
<doc>Waits until the element ``locator`` contains ``text``.</doc>
<status status="PASS" start="2024-11-08T15:22:08.259946" elapsed="0.017100"/>
</kw>
<arg>Epic sadface: Password is required</arg>
<status status="PASS" start="2024-11-08T15:22:08.259661" elapsed="0.017481"/>
</kw>
<status status="PASS" start="2024-11-08T15:22:06.290263" elapsed="1.987125"/>
</test>
<test id="s1-t5" name="Fail Login Test - Wrong Credentials" line="37">
<kw name="Open Browser" owner="SeleniumLibrary" type="SETUP">
<msg time="2024-11-08T15:22:08.278381" level="INFO">Opening browser 'chrome' to base url 'None'.</msg>
<arg>browser=${BROWSER}</arg>
<doc>Opens a new browser instance to the optional ``url``.</doc>
<status status="PASS" start="2024-11-08T15:22:08.278223" elapsed="1.497893"/>
</kw>
<kw name="I navigate to the login page" owner="login_keywords">
<kw name="Go To" owner="SeleniumLibrary">
<msg time="2024-11-08T15:22:09.776864" level="INFO">Opening url 'https://www.saucedemo.com/'</msg>
<arg>${URL}</arg>
<doc>Navigates the current browser window to the provided ``url``.</doc>
<status status="PASS" start="2024-11-08T15:22:09.776766" elapsed="0.372207"/>
</kw>
<arg>${URL}</arg>
<status status="PASS" start="2024-11-08T15:22:09.776527" elapsed="0.372543"/>
</kw>
<kw name="I input wrong Credentials" owner="login_keywords">
<kw name="Wait Until Element Is Visible" owner="SeleniumLibrary">
<arg>id=user-name</arg>
<doc>Waits until the element ``locator`` is visible.</doc>
<status status="PASS" start="2024-11-08T15:22:10.149775" elapsed="0.014905"/>
</kw>
<kw name="Input Text" owner="SeleniumLibrary">
<msg time="2024-11-08T15:22:10.165016" level="INFO">Typing text 'WRONG' into text field 'id=user-name'.</msg>
<arg>id=user-name</arg>
<arg>${WRONG_USERNAME}</arg>
<doc>Types the given ``text`` into the text field identified by ``locator``.</doc>
<status status="PASS" start="2024-11-08T15:22:10.164829" elapsed="0.063219"/>
</kw>
<kw name="Input Text" owner="SeleniumLibrary">
<msg time="2024-11-08T15:22:10.228376" level="INFO">Typing text '123456' into text field 'id=password'.</msg>
<arg>id=password</arg>
<arg>${WRONG_PASSWORD}</arg>
<doc>Types the given ``text`` into the text field identified by ``locator``.</doc>
<status status="PASS" start="2024-11-08T15:22:10.228199" elapsed="0.053771"/>
</kw>
<arg>WRONG</arg>
<arg>123456</arg>
<status status="PASS" start="2024-11-08T15:22:10.149506" elapsed="0.132569"/>
</kw>
<kw name="I click on the login button" owner="login_keywords">
<kw name="Click Button" owner="SeleniumLibrary">
<msg time="2024-11-08T15:22:10.282792" level="INFO">Clicking button 'id=login-button'.</msg>
<arg>id=login-button</arg>
<doc>Clicks the button identified by ``locator``.</doc>
<status status="PASS" start="2024-11-08T15:22:10.282660" elapsed="0.040901"/>
</kw>
<status status="PASS" start="2024-11-08T15:22:10.282459" elapsed="0.041194"/>
</kw>
<kw name="I can see the expected error message" owner="login_keywords">
<kw name="Wait Until Element Contains" owner="SeleniumLibrary">
<arg>class=error-message-container</arg>
<arg>${ERROR_MESSAGE}</arg>
<doc>Waits until the element ``locator`` contains ``text``.</doc>
<status status="PASS" start="2024-11-08T15:22:10.324190" elapsed="0.015592"/>
</kw>
<arg>Epic sadface: Username and password do not match any user in this service</arg>
<status status="PASS" start="2024-11-08T15:22:10.323976" elapsed="0.015897"/>
</kw>
<status status="PASS" start="2024-11-08T15:22:08.277947" elapsed="2.062310"/>
</test>
<status status="PASS" start="2024-11-08T15:22:00.134028" elapsed="10.207171"/>
</suite>
<statistics>
<total>
<stat pass="5" fail="0" skip="0">All Tests</stat>
</total>
<tag>
</tag>
<suite>
<stat pass="5" fail="0" skip="0" id="s1" name="Login Steps">Login Steps</stat>
</suite>
</statistics>
<errors>
</errors>
</robot>
