<?xml version="1.0" encoding="UTF-8"?>
<robot generator="Robot 7.1.1 (Python 3.13.0 on win32)" generated="2024-11-26T00:20:10.166242" rpa="false" schemaversion="5">
<suite id="s1" name="Tests" source="C:\Development\study\projeto_robot\tests">
<suite id="s1-s1" name="Login Steps" source="C:\Development\study\projeto_robot\tests\login_steps.robot">
<kw name="Open Browser" owner="SeleniumLibrary" type="SETUP">
<msg time="2024-11-26T00:20:10.358313" level="INFO">Opening browser 'chrome' to base url 'None'.</msg>
<arg>browser=chrome</arg>
<doc>Opens a new browser instance to the optional ``url``.</doc>
<status status="PASS" start="2024-11-26T00:20:10.358138" elapsed="1.686017"/>
</kw>
<test id="s1-s1-t1" name="Successful Login Test" line="6">
<kw name="I navigate to the login page" owner="login_keywords">
<kw name="Go To" owner="SeleniumLibrary">
<msg time="2024-11-26T00:20:12.045439" level="INFO">Opening url 'https://www.saucedemo.com/'</msg>
<arg>${URL_DATA["baseUrl"]}</arg>
<doc>Navigates the current browser window to the provided ``url``.</doc>
<status status="PASS" start="2024-11-26T00:20:12.045067" elapsed="0.394941"/>
</kw>
<status status="PASS" start="2024-11-26T00:20:12.044826" elapsed="0.395325"/>
</kw>
<kw name="I input correct Credentials" owner="login_keywords">
<kw name="Wait Until Element Is Visible" owner="SeleniumLibrary">
<arg>id=user-name</arg>
<doc>Waits until the element ``locator`` is visible.</doc>
<status status="PASS" start="2024-11-26T00:20:12.440780" elapsed="0.015363"/>
</kw>
<kw name="Input Text" owner="SeleniumLibrary">
<msg time="2024-11-26T00:20:12.456731" level="INFO">Typing text 'standard_user' into text field 'id=user-name'.</msg>
<arg>id=user-name</arg>
<arg>${LOGIN_DATA["CorrectData"]["username"]}</arg>
<doc>Types the given ``text`` into the text field identified by ``locator``.</doc>
<status status="PASS" start="2024-11-26T00:20:12.456300" elapsed="0.074188"/>
</kw>
<kw name="Input Text" owner="SeleniumLibrary">
<msg time="2024-11-26T00:20:12.531113" level="INFO">Typing text 'secret_sauce' into text field 'id=password'.</msg>
<arg>id=password</arg>
<arg>${LOGIN_DATA["CorrectData"]["password"]}</arg>
<doc>Types the given ``text`` into the text field identified by ``locator``.</doc>
<status status="PASS" start="2024-11-26T00:20:12.530669" elapsed="0.049885"/>
</kw>
<status status="PASS" start="2024-11-26T00:20:12.440569" elapsed="0.140102"/>
</kw>
<kw name="I click on the login button" owner="login_keywords">
<kw name="Click Button" owner="SeleniumLibrary">
<msg time="2024-11-26T00:20:12.581390" level="INFO">Clicking button 'id=login-button'.</msg>
<arg>id=login-button</arg>
<doc>Clicks the button identified by ``locator``.</doc>
<status status="PASS" start="2024-11-26T00:20:12.581257" elapsed="0.068810"/>
</kw>
<status status="PASS" start="2024-11-26T00:20:12.581043" elapsed="0.069120"/>
</kw>
<kw name="I assure that login is successfull" owner="login_keywords">
<kw name="Catenate" owner="BuiltIn">
<msg time="2024-11-26T00:20:12.651276" level="INFO">${full_url} = https://www.saucedemo.com/inventory.html</msg>
<var>${full_url}</var>
<arg>SEPARATOR=</arg>
<arg>${URL_DATA["baseUrl"]}</arg>
<arg>${URL_DATA["inventoryUrl"]}</arg>
<doc>Catenates the given items together and returns the resulted string.</doc>
<status status="PASS" start="2024-11-26T00:20:12.650783" elapsed="0.000516"/>
</kw>
<kw name="Location Should Be" owner="SeleniumLibrary">
<msg time="2024-11-26T00:20:12.654390" level="INFO">Current location is 'https://www.saucedemo.com/inventory.html'.</msg>
<arg>${full_url}</arg>
<doc>Verifies that the current URL is exactly ``url``.</doc>
<status status="PASS" start="2024-11-26T00:20:12.651381" elapsed="0.003064"/>
</kw>
<status status="PASS" start="2024-11-26T00:20:12.650560" elapsed="0.003952"/>
</kw>
<status status="PASS" start="2024-11-26T00:20:12.044350" elapsed="0.610415"/>
</test>
<test id="s1-s1-t2" name="Fail Login Test - No Credentials" line="12">
<kw name="I navigate to the login page" owner="login_keywords">
<kw name="Go To" owner="SeleniumLibrary">
<msg time="2024-11-26T00:20:12.656372" level="INFO">Opening url 'https://www.saucedemo.com/'</msg>
<arg>${URL_DATA["baseUrl"]}</arg>
<doc>Navigates the current browser window to the provided ``url``.</doc>
<status status="PASS" start="2024-11-26T00:20:12.656031" elapsed="0.053547"/>
</kw>
<status status="PASS" start="2024-11-26T00:20:12.655803" elapsed="0.053885"/>
</kw>
<kw name="I input no Credentials" owner="login_keywords">
<kw name="Wait Until Element Is Visible" owner="SeleniumLibrary">
<arg>id=user-name</arg>
<doc>Waits until the element ``locator`` is visible.</doc>
<status status="PASS" start="2024-11-26T00:20:12.710293" elapsed="0.009672"/>
</kw>
<status status="PASS" start="2024-11-26T00:20:12.710099" elapsed="0.009960"/>
</kw>
<kw name="I click on the login button" owner="login_keywords">
<kw name="Click Button" owner="SeleniumLibrary">
<msg time="2024-11-26T00:20:12.720629" level="INFO">Clicking button 'id=login-button'.</msg>
<arg>id=login-button</arg>
<doc>Clicks the button identified by ``locator``.</doc>
<status status="PASS" start="2024-11-26T00:20:12.720505" elapsed="0.042295"/>
</kw>
<status status="PASS" start="2024-11-26T00:20:12.720326" elapsed="0.042579"/>
</kw>
<kw name="I can see the expected error message for no credentials" owner="login_keywords">
<kw name="Wait Until Element Contains" owner="SeleniumLibrary">
<arg>class=error-message-container</arg>
<arg>${ERROR_MESSAGES["noCredentials"]}</arg>
<doc>Waits until the element ``locator`` contains ``text``.</doc>
<status status="PASS" start="2024-11-26T00:20:12.763443" elapsed="0.015865"/>
</kw>
<status status="PASS" start="2024-11-26T00:20:12.763251" elapsed="0.016154"/>
</kw>
<status status="PASS" start="2024-11-26T00:20:12.655390" elapsed="0.124296"/>
</test>
<test id="s1-s1-t3" name="Fail Login Test - No username" line="18">
<kw name="I navigate to the login page" owner="login_keywords">
<kw name="Go To" owner="SeleniumLibrary">
<msg time="2024-11-26T00:20:12.781100" level="INFO">Opening url 'https://www.saucedemo.com/'</msg>
<arg>${URL_DATA["baseUrl"]}</arg>
<doc>Navigates the current browser window to the provided ``url``.</doc>
<status status="PASS" start="2024-11-26T00:20:12.780811" elapsed="0.034149"/>
</kw>
<status status="PASS" start="2024-11-26T00:20:12.780634" elapsed="0.034439"/>
</kw>
<kw name="I input only Password" owner="login_keywords">
<kw name="Wait Until Element Is Visible" owner="SeleniumLibrary">
<arg>id=user-name</arg>
<doc>Waits until the element ``locator`` is visible.</doc>
<status status="PASS" start="2024-11-26T00:20:12.815737" elapsed="0.012579"/>
</kw>
<kw name="Input Text" owner="SeleniumLibrary">
<msg time="2024-11-26T00:20:12.828871" level="INFO">Typing text 'secret_sauce' into text field 'id=password'.</msg>
<arg>id=password</arg>
<arg>${LOGIN_DATA["CorrectData"]["password"]}</arg>
<doc>Types the given ``text`` into the text field identified by ``locator``.</doc>
<status status="PASS" start="2024-11-26T00:20:12.828469" elapsed="0.057128"/>
</kw>
<status status="PASS" start="2024-11-26T00:20:12.815506" elapsed="0.070232"/>
</kw>
<kw name="I click on the login button" owner="login_keywords">
<kw name="Click Button" owner="SeleniumLibrary">
<msg time="2024-11-26T00:20:12.886403" level="INFO">Clicking button 'id=login-button'.</msg>
<arg>id=login-button</arg>
<doc>Clicks the button identified by ``locator``.</doc>
<status status="PASS" start="2024-11-26T00:20:12.886280" elapsed="0.043570"/>
</kw>
<status status="PASS" start="2024-11-26T00:20:12.886092" elapsed="0.043864"/>
</kw>
<kw name="I can see the expected error message for no username" owner="login_keywords">
<kw name="Wait Until Element Contains" owner="SeleniumLibrary">
<arg>class=error-message-container</arg>
<arg>${ERROR_MESSAGES["noUsername"]}</arg>
<doc>Waits until the element ``locator`` contains ``text``.</doc>
<status status="PASS" start="2024-11-26T00:20:12.930566" elapsed="0.009602"/>
</kw>
<status status="PASS" start="2024-11-26T00:20:12.930344" elapsed="0.009928"/>
</kw>
<status status="PASS" start="2024-11-26T00:20:12.780276" elapsed="0.160514"/>
</test>
<test id="s1-s1-t4" name="Fail Login Test - No password" line="24">
<kw name="I navigate to the login page" owner="login_keywords">
<kw name="Go To" owner="SeleniumLibrary">
<msg time="2024-11-26T00:20:12.942333" level="INFO">Opening url 'https://www.saucedemo.com/'</msg>
<arg>${URL_DATA["baseUrl"]}</arg>
<doc>Navigates the current browser window to the provided ``url``.</doc>
<status status="PASS" start="2024-11-26T00:20:12.942057" elapsed="0.038205"/>
</kw>
<status status="PASS" start="2024-11-26T00:20:12.941893" elapsed="0.038506"/>
</kw>
<kw name="I input only Username" owner="login_keywords">
<kw name="Wait Until Element Is Visible" owner="SeleniumLibrary">
<arg>id=user-name</arg>
<doc>Waits until the element ``locator`` is visible.</doc>
<status status="PASS" start="2024-11-26T00:20:12.981032" elapsed="0.008845"/>
</kw>
<kw name="Input Text" owner="SeleniumLibrary">
<msg time="2024-11-26T00:20:12.990443" level="INFO">Typing text 'standard_user' into text field 'id=user-name'.</msg>
<arg>id=user-name</arg>
<arg>${LOGIN_DATA["CorrectData"]["username"]}</arg>
<doc>Types the given ``text`` into the text field identified by ``locator``.</doc>
<status status="PASS" start="2024-11-26T00:20:12.990010" elapsed="0.055096"/>
</kw>
<status status="PASS" start="2024-11-26T00:20:12.980799" elapsed="0.064400"/>
</kw>
<kw name="I click on the login button" owner="login_keywords">
<kw name="Click Button" owner="SeleniumLibrary">
<msg time="2024-11-26T00:20:13.045847" level="INFO">Clicking button 'id=login-button'.</msg>
<arg>id=login-button</arg>
<doc>Clicks the button identified by ``locator``.</doc>
<status status="PASS" start="2024-11-26T00:20:13.045724" elapsed="0.041306"/>
</kw>
<status status="PASS" start="2024-11-26T00:20:13.045534" elapsed="0.041589"/>
</kw>
<kw name="I can see the expected error message for no password" owner="login_keywords">
<kw name="Wait Until Element Contains" owner="SeleniumLibrary">
<arg>class=error-message-container</arg>
<arg>${ERROR_MESSAGES["noPassword"]}</arg>
<doc>Waits until the element ``locator`` contains ``text``.</doc>
<status status="PASS" start="2024-11-26T00:20:13.087723" elapsed="0.010856"/>
</kw>
<status status="PASS" start="2024-11-26T00:20:13.087504" elapsed="0.011166"/>
</kw>
<status status="PASS" start="2024-11-26T00:20:12.941611" elapsed="0.157302"/>
</test>
<test id="s1-s1-t5" name="Fail Login Test - Wrong Credentials" line="30">
<kw name="I navigate to the login page" owner="login_keywords">
<kw name="Go To" owner="SeleniumLibrary">
<msg time="2024-11-26T00:20:13.100347" level="INFO">Opening url 'https://www.saucedemo.com/'</msg>
<arg>${URL_DATA["baseUrl"]}</arg>
<doc>Navigates the current browser window to the provided ``url``.</doc>
<status status="PASS" start="2024-11-26T00:20:13.100008" elapsed="0.047260"/>
</kw>
<status status="PASS" start="2024-11-26T00:20:13.099812" elapsed="0.047565"/>
</kw>
<kw name="I input wrong Credentials" owner="login_keywords">
<kw name="Wait Until Element Is Visible" owner="SeleniumLibrary">
<arg>id=user-name</arg>
<doc>Waits until the element ``locator`` is visible.</doc>
<status status="PASS" start="2024-11-26T00:20:13.148017" elapsed="0.007887"/>
</kw>
<kw name="Input Text" owner="SeleniumLibrary">
<msg time="2024-11-26T00:20:13.156544" level="INFO">Typing text 'wrong_user' into text field 'id=user-name'.</msg>
<arg>id=user-name</arg>
<arg>${LOGIN_DATA["IncorrectData"]["username"]}</arg>
<doc>Types the given ``text`` into the text field identified by ``locator``.</doc>
<status status="PASS" start="2024-11-26T00:20:13.156019" elapsed="0.052566"/>
</kw>
<kw name="Input Text" owner="SeleniumLibrary">
<msg time="2024-11-26T00:20:13.209117" level="INFO">Typing text '123456' into text field 'id=password'.</msg>
<arg>id=password</arg>
<arg>${LOGIN_DATA["IncorrectData"]["password"]}</arg>
<doc>Types the given ``text`` into the text field identified by ``locator``.</doc>
<status status="PASS" start="2024-11-26T00:20:13.208746" elapsed="0.048885"/>
</kw>
<status status="PASS" start="2024-11-26T00:20:13.147795" elapsed="0.110011"/>
</kw>
<kw name="I click on the login button" owner="login_keywords">
<kw name="Click Button" owner="SeleniumLibrary">
<msg time="2024-11-26T00:20:13.258567" level="INFO">Clicking button 'id=login-button'.</msg>
<arg>id=login-button</arg>
<doc>Clicks the button identified by ``locator``.</doc>
<status status="PASS" start="2024-11-26T00:20:13.258438" elapsed="0.045671"/>
</kw>
<status status="PASS" start="2024-11-26T00:20:13.258234" elapsed="0.045969"/>
</kw>
<kw name="I can see the expected error message for wrong credentials" owner="login_keywords">
<kw name="Wait Until Element Contains" owner="SeleniumLibrary">
<arg>class=error-message-container</arg>
<arg>${ERROR_MESSAGES["wrongCredentials"]}</arg>
<doc>Waits until the element ``locator`` contains ``text``.</doc>
<status status="PASS" start="2024-11-26T00:20:13.304760" elapsed="0.010773"/>
</kw>
<status status="PASS" start="2024-11-26T00:20:13.304569" elapsed="0.011052"/>
</kw>
<status status="PASS" start="2024-11-26T00:20:13.099470" elapsed="0.216392"/>
</test>
<status status="PASS" start="2024-11-26T00:20:10.187552" elapsed="3.129101"/>
</suite>
<status status="PASS" start="2024-11-26T00:20:10.167506" elapsed="3.150101"/>
</suite>
<statistics>
<total>
<stat pass="5" fail="0" skip="0">All Tests</stat>
</total>
<tag>
</tag>
<suite>
<stat pass="5" fail="0" skip="0" id="s1" name="Tests">Tests</stat>
<stat pass="5" fail="0" skip="0" id="s1-s1" name="Login Steps">Tests.Login Steps</stat>
</suite>
</statistics>
<errors>
</errors>
</robot>
